#
# A fatal error has been detected by the Java Runtime Environment:
#
#  EXCEPTION_ACCESS_VIOLATION (0xc0000005) at pc=0x0000000064d781cb, pid=67096, tid=67172
#
# JRE version: 7.0_25-b17
# Java VM: Java HotSpot(TM) 64-Bit Server VM (23.25-b01 mixed mode windows-amd64 compressed oops)
# Problematic frame:
# V  [jvm.dll+0x1181cb]
#
# Failed to write core dump. Minidumps are not enabled by default on client versions of Windows
#
# If you would like to submit a bug report, please visit:
#   http://bugreport.sun.com/bugreport/crash.jsp
#

---------------  T H R E A D  ---------------

Current thread (0x000000000b99f800):  JavaThread "JDWP Transport Listener: dt_socket" daemon [_thread_in_vm, id=67172, stack(0x000000000d330000,0x000000000d430000)]

siginfo: ExceptionCode=0xc0000005, reading address 0x000000003b707041

Registers:
RAX=0x000000000d42f201, RBX=0x000000000b99f800, RCX=0x000000003b707041, RDX=0x0000000000000000
RSP=0x000000000d42f240, RBP=0x000000003b707041, RSI=0x000000000d42f358, RDI=0x00000000001d8f40
R8 =0x000000000b99f800, R9 =0x000000000000ff00, R10=0x0000000000000000, R11=0x0000002300570021
R12=0x0000000000000000, R13=0x0000000000000000, R14=0x0000000000000000, R15=0x0000000000000000
RIP=0x0000000064d781cb, EFLAGS=0x0000000000010206

Top of Stack: (sp=0x000000000d42f240)
0x000000000d42f240:   000000000b99f800 0000000000000004
0x000000000d42f250:   000000000d42f308 0000000064ef9649
0x000000000d42f260:   000000000b99f800 0000000064f15012
0x000000000d42f270:   0000000000000000 000000006d338e7d
0x000000000d42f280:   000000000b913b70 000000006d34264e
0x000000000d42f290:   000000000b99f800 0000000000000000
0x000000000d42f2a0:   0000000000000000 0000000000000000
0x000000000d42f2b0:   000000003b707041 000000006d341745
0x000000000d42f2c0:   000000000d42f358 000000000d42f330
0x000000000d42f2d0:   0000000000000001 000000000b913b70
0x000000000d42f2e0:   000000003b707041 000000006d3253b3
0x000000000d42f2f0:   000000000d42f420 0000000000000001
0x000000000d42f300:   0000000000000001 000000000b913b70
0x000000000d42f310:   0000000000000009 0000000000000000
0x000000000d42f320:   0000000000000000 0000000000000000
0x000000000d42f330:   0000000000000001 000000006d325571 

Instructions: (pc=0x0000000064d781cb)
0x0000000064d781ab:   48 8b 5c 24 30 48 89 47 18 48 83 c4 20 5f c3 cc
0x0000000064d781bb:   cc cc cc cc cc 40 53 48 83 ec 20 48 85 c9 74 54
0x0000000064d781cb:   48 8b 19 48 85 db 74 4c 48 b8 fe fe fe fe fe fe
0x0000000064d781db:   fe fe 48 3b d8 74 3d 80 3d af 4b 58 00 00 74 15 


Register to memory mapping:

RAX=0x000000000d42f201 is pointing into the stack for thread: 0x000000000b99f800
RBX=0x000000000b99f800 is a thread
RCX=0x000000003b707041 is an unknown value
RDX=0x0000000000000000 is an unknown value
RSP=0x000000000d42f240 is pointing into the stack for thread: 0x000000000b99f800
RBP=0x000000003b707041 is an unknown value
RSI=0x000000000d42f358 is pointing into the stack for thread: 0x000000000b99f800
RDI=0x00000000001d8f40 is an unknown value
R8 =0x000000000b99f800 is a thread
R9 =0x000000000000ff00 is an unknown value
R10=0x0000000000000000 is an unknown value
R11=0x0000002300570021 is an unknown value
R12=0x0000000000000000 is an unknown value
R13=0x0000000000000000 is an unknown value
R14=0x0000000000000000 is an unknown value
R15=0x0000000000000000 is an unknown value


Stack: [0x000000000d330000,0x000000000d430000],  sp=0x000000000d42f240,  free space=1020k
Native frames: (J=compiled Java code, j=interpreted, Vv=VM code, C=native code)
V  [jvm.dll+0x1181cb]


---------------  P R O C E S S  ---------------

Java Threads: ( => current thread )
  0x000000000b9c5800 JavaThread "Service Thread" daemon [_thread_blocked, id=67208, stack(0x000000000dc80000,0x000000000dd80000)]
  0x000000000b9c4800 JavaThread "C2 CompilerThread1" daemon [_thread_blocked, id=67204, stack(0x000000000dad0000,0x000000000dbd0000)]
  0x000000000b9bf000 JavaThread "C2 CompilerThread0" daemon [_thread_blocked, id=67200, stack(0x000000000d970000,0x000000000da70000)]
  0x000000000b9b4800 JavaThread "JDWP Command Reader" daemon [_thread_in_native, id=67188, stack(0x000000000d820000,0x000000000d920000)]
  0x000000000b9ae000 JavaThread "JDWP Event Helper Thread" daemon [_thread_blocked, id=67184, stack(0x000000000d5f0000,0x000000000d6f0000)]
=>0x000000000b99f800 JavaThread "JDWP Transport Listener: dt_socket" daemon [_thread_in_vm, id=67172, stack(0x000000000d330000,0x000000000d430000)]
  0x000000000b999000 JavaThread "Attach Listener" daemon [_thread_blocked, id=67160, stack(0x000000000cf50000,0x000000000d050000)]
  0x000000000b992000 JavaThread "Signal Dispatcher" daemon [_thread_blocked, id=67156, stack(0x000000000cd40000,0x000000000ce40000)]
  0x00000000021d8000 JavaThread "Finalizer" daemon [_thread_blocked, id=67152, stack(0x000000000cc20000,0x000000000cd20000)]
  0x00000000021d1000 JavaThread "Reference Handler" daemon [_thread_blocked, id=67148, stack(0x000000000c990000,0x000000000ca90000)]
  0x00000000001de800 JavaThread "main" [_thread_blocked, id=67124, stack(0x0000000002470000,0x0000000002570000)]

Other Threads:
  0x000000000b912800 VMThread [stack: 0x000000000c7c0000,0x000000000c8c0000] [id=67144]
  0x000000000b9e2000 WatcherThread [stack: 0x000000000ddb0000,0x000000000deb0000] [id=67212]

VM state:not at safepoint (normal execution)

VM Mutex/Monitor currently owned by a thread: None

Heap
 PSYoungGen      total 38208K, used 1310K [0x00000007d5560000, 0x00000007d8000000, 0x0000000800000000)
  eden space 32768K, 4% used [0x00000007d5560000,0x00000007d56a7b68,0x00000007d7560000)
  from space 5440K, 0% used [0x00000007d7ab0000,0x00000007d7ab0000,0x00000007d8000000)
  to   space 5440K, 0% used [0x00000007d7560000,0x00000007d7560000,0x00000007d7ab0000)
 ParOldGen       total 87424K, used 0K [0x0000000780000000, 0x0000000785560000, 0x00000007d5560000)
  object space 87424K, 0% used [0x0000000780000000,0x0000000780000000,0x0000000785560000)
 PSPermGen       total 21248K, used 2575K [0x000000077ae00000, 0x000000077c2c0000, 0x0000000780000000)
  object space 21248K, 12% used [0x000000077ae00000,0x000000077b083c50,0x000000077c2c0000)

Card table byte_map: [0x0000000005570000,0x00000000059a0000] byte_map_base: 0x0000000001999000

Polling page: 0x00000000000b0000

Code Cache  [0x0000000002570000, 0x00000000027e0000, 0x0000000005570000)
 total_blobs=158 nmethods=0 adapters=133 free_code_cache=48777Kb largest_free_block=49947392

Compilation events (0 events):
No events

GC Heap History (0 events):
No events

Deoptimization events (0 events):
No events

Internal exceptions (3 events):
Event: 0.030 Thread 0x00000000001de800 Threw 0x00000007d55661b0 at C:\jdk7u2_64p\jdk7u25\hotspot\src\share\vm\prims\jni.cpp:3994
Event: 0.120 Thread 0x00000000001de800 Threw 0x00000007d55b2250 at C:\jdk7u2_64p\jdk7u25\hotspot\src\share\vm\prims\jvm.cpp:1235
Event: 0.139 Thread 0x00000000001de800 Threw 0x00000007d55ba4e8 at C:\jdk7u2_64p\jdk7u25\hotspot\src\share\vm\prims\jvm.cpp:1235

Events (10 events):
Event: 1.617 Executing VM operation: GetOrSetLocal
Event: 1.617 Executing VM operation: GetOrSetLocal done
Event: 1.685 loading class 0x000000000b924f00
Event: 1.685 loading class 0x000000000b924f00 done
Event: 1.689 loading class 0x00000000021c6b50
Event: 1.689 loading class 0x00000000021c6b50 done
Event: 4.177 Executing VM operation: EnableBiasedLocking
Event: 4.177 Executing VM operation: EnableBiasedLocking done
Event: 49.726 Executing VM operation: RedefineClasses
Event: 49.726 Executing VM operation: RedefineClasses done


Dynamic libraries:
0x000000013fe00000 - 0x000000013fe33000 	C:\Program Files\Java\jdk1.7.0_25\bin\javaw.exe
0x0000000077130000 - 0x00000000772d9000 	C:\Windows\SYSTEM32\ntdll.dll
0x0000000076f10000 - 0x000000007702f000 	C:\Windows\system32\kernel32.dll
0x000007fefd1f0000 - 0x000007fefd25c000 	C:\Windows\system32\KERNELBASE.dll
0x000007fefef90000 - 0x000007feff06b000 	C:\Windows\system32\ADVAPI32.dll
0x000007fefdd30000 - 0x000007fefddcf000 	C:\Windows\system32\msvcrt.dll
0x000007fefd570000 - 0x000007fefd58f000 	C:\Windows\SYSTEM32\sechost.dll
0x000007fefd2d0000 - 0x000007fefd3fd000 	C:\Windows\system32\RPCRT4.dll
0x0000000077030000 - 0x000000007712a000 	C:\Windows\system32\USER32.dll
0x000007fefd600000 - 0x000007fefd667000 	C:\Windows\system32\GDI32.dll
0x000007fefd750000 - 0x000007fefd75e000 	C:\Windows\system32\LPK.dll
0x000007fefd4a0000 - 0x000007fefd569000 	C:\Windows\system32\USP10.dll
0x000007fefb920000 - 0x000007fefbb14000 	C:\Windows\WinSxS\amd64_microsoft.windows.common-controls_6595b64144ccf1df_6.0.7601.18837_none_fa3b1e3d17594757\COMCTL32.dll
0x000007fefd940000 - 0x000007fefd9b1000 	C:\Windows\system32\SHLWAPI.dll
0x000007fefd2a0000 - 0x000007fefd2ce000 	C:\Windows\system32\IMM32.DLL
0x000007feff330000 - 0x000007feff439000 	C:\Windows\system32\MSCTF.dll
0x0000000062140000 - 0x0000000062211000 	C:\Program Files\Java\jdk1.7.0_25\jre\bin\msvcr100.dll
0x0000000064c60000 - 0x000000006536f000 	C:\Program Files\Java\jdk1.7.0_25\jre\bin\server\jvm.dll
0x000007fef56c0000 - 0x000007fef56c9000 	C:\Windows\system32\WSOCK32.dll
0x000007fefd590000 - 0x000007fefd5dd000 	C:\Windows\system32\WS2_32.dll
0x000007fefef00000 - 0x000007fefef08000 	C:\Windows\system32\NSI.dll
0x000007fef9d90000 - 0x000007fef9dcb000 	C:\Windows\system32\WINMM.dll
0x0000000077300000 - 0x0000000077307000 	C:\Windows\system32\PSAPI.DLL
0x00000000731c0000 - 0x00000000731cf000 	C:\Program Files\Java\jdk1.7.0_25\jre\bin\verify.dll
0x0000000064b50000 - 0x0000000064b78000 	C:\Program Files\Java\jdk1.7.0_25\jre\bin\java.dll
0x000000006d320000 - 0x000000006d355000 	C:\Program Files\Java\jdk1.7.0_25\jre\bin\jdwp.dll
0x000000006e5c0000 - 0x000000006e5c8000 	C:\Program Files\Java\jdk1.7.0_25\jre\bin\npt.dll
0x0000000065390000 - 0x00000000653a5000 	C:\Program Files\Java\jdk1.7.0_25\jre\bin\zip.dll
0x000000006e4c0000 - 0x000000006e4c9000 	C:\Program Files\Java\jdk1.7.0_25\jre\bin\dt_socket.dll
0x000007fefb2a0000 - 0x000007fefb2b5000 	C:\Windows\system32\NLAapi.dll
0x000007fefa410000 - 0x000007fefa425000 	C:\Windows\system32\napinsp.dll
0x000007fefa200000 - 0x000007fefa219000 	C:\Windows\system32\pnrpnsp.dll
0x000007fefc680000 - 0x000007fefc6d5000 	C:\Windows\System32\mswsock.dll
0x000007fefc500000 - 0x000007fefc55b000 	C:\Windows\system32\DNSAPI.dll
0x000007fef9430000 - 0x000007fef943b000 	C:\Windows\System32\winrnr.dll
0x000007fefaba0000 - 0x000007fefabc7000 	C:\Windows\system32\IPHLPAPI.DLL
0x000007fefab90000 - 0x000007fefab9b000 	C:\Windows\system32\WINNSI.DLL
0x000007fefaa50000 - 0x000007fefaaa3000 	C:\Windows\System32\fwpuclnt.dll
0x000007fef9370000 - 0x000007fef9378000 	C:\Windows\system32\rasadhlp.dll
0x000007fefc080000 - 0x000007fefc087000 	C:\Windows\System32\wshtcpip.dll
0x000007fef0750000 - 0x000007fef0875000 	C:\Windows\system32\dbghelp.dll

VM Arguments:
jvm_args: -agentlib:jdwp=transport=dt_socket,suspend=y,address=localhost:50570 -Dfile.encoding=UTF-8 
java_command: de.zebrajaeger.equirectangular.App
Launcher Type: SUN_STANDARD

Environment Variables:
JAVA_HOME=C:\Program Files\Java\jdk1.7.0_25
PATH=C:\Program Files\Java\jdk1.7.0_25\jre\bin;C:/Program Files/Java/jdk1.7.0_25/bin/../jre/bin/server;C:/Program Files/Java/jdk1.7.0_25/bin/../jre/bin;C:/Program Files/Java/jdk1.7.0_25/bin/../jre/lib/amd64;C:\Program Files (x86)\NVIDIA Corporation\PhysX\Common;C:\Windows\system32;C:\Windows;C:\Windows\System32\Wbem;C:\Windows\System32\WindowsPowerShell\v1.0\;C:\Program Files (x86)\WinMerge;C:\cygwin64\bin;C:\Program Files (x86)\Common Files\Acronis\SnapAPI\;C:\Program Files\nodejs\;C:\portableapps\apache-maven-3.2.3\bin;C:\portableapps\fcw;C:\Program Files\Java\jdk1.7.0_25\bin;C:\Program Files\nodejs;C:\Users\lars\AppData\Roaming\npm;C:\portableapps\imagemagick-6.9.1-6;C:\portableapps\eclipse-jee-luna-64;
USERNAME=lars
OS=Windows_NT
PROCESSOR_IDENTIFIER=Intel64 Family 6 Model 15 Stepping 6, GenuineIntel



---------------  S Y S T E M  ---------------

OS: Windows 7 , 64 bit Build 7601 Service Pack 1

CPU:total 4 (2 cores per cpu, 1 threads per core) family 6 model 15 stepping 6, cmov, cx8, fxsr, mmx, sse, sse2, sse3, ssse3, tsc

Memory: 4k page, physical 8387572k(5103460k free), swap 13505736k(9314816k free)

vm_info: Java HotSpot(TM) 64-Bit Server VM (23.25-b01) for windows-amd64 JRE (1.7.0_25-b17), built on Jun 21 2013 12:58:32 by "java_re" with unknown MS VC++:1600

time: Sat Jul 04 12:46:41 2015
elapsed time: 49 seconds

